<?xml version="1.0" encoding="UTF-8"?>
<testsuite name="sa.hulksa.player.ui.screens.TvRailResponsivePolicyTest" tests="4" skipped="0" failures="0" errors="0" timestamp="2026-09-03T02:58:10.117Z" hostname="runnervmgx7h7" time="0.0">
  <properties/>
  <testcase name="compact tv viewport keeps rail usable without shrinking branding" classname="sa.hulksa.player.ui.screens.TvRailResponsivePolicyTest" time="0.0"/>
  <testcase name="shell rail metrics come from the shared premium policy" classname="sa.hulksa.player.ui.screens.TvRailResponsivePolicyTest" time="0.0"/>
  <testcase name="standard tv viewport scales rail and logo proportionally" classname="sa.hulksa.player.ui.screens.TvRailResponsivePolicyTest" time="0.0"/>
  <testcase name="large tv viewport is bounded to prevent oversized navigation" classname="sa.hulksa.player.ui.screens.TvRailResponsivePolicyTest" time="0.0"/>
  <system-out><![CDATA[]]></system-out>
  <system-err><![CDATA[]]></system-err>
</testsuite>
