<?xml version="1.0" encoding="UTF-8"?>
<testsuite name="sa.hulksa.player.playback.AudioTrackOverrideRecoveryPolicyTest" tests="2" skipped="0" failures="0" errors="0" timestamp="2026-09-03T02:58:09.758Z" hostname="runnervmgx7h7" time="0.001">
  <properties/>
  <testcase name="decoder and sink failures reprepare after alternate track selection" classname="sa.hulksa.player.playback.AudioTrackOverrideRecoveryPolicyTest" time="0.001"/>
  <testcase name="capability correction and silent recovery stay lightweight" classname="sa.hulksa.player.playback.AudioTrackOverrideRecoveryPolicyTest" time="0.0"/>
  <system-out><![CDATA[]]></system-out>
  <system-err><![CDATA[]]></system-err>
</testsuite>
