<?xml version="1.0" encoding="UTF-8"?>
<testsuite name="sa.hulksa.player.data.P1001CredentialUrlHardeningTest" tests="13" skipped="0" failures="0" errors="0" timestamp="2026-09-03T02:58:08.286Z" hostname="runnervmgx7h7" time="0.029">
  <properties/>
  <testcase name="strict URL classification still blocks Xtream media credentials" classname="sa.hulksa.player.data.P1001CredentialUrlHardeningTest" time="0.006"/>
  <testcase name="session replacement rebuilds with new credentials instead of old persisted URL" classname="sa.hulksa.player.data.P1001CredentialUrlHardeningTest" time="0.007"/>
  <testcase name="strict URL classification allows normal CDN media routes" classname="sa.hulksa.player.data.P1001CredentialUrlHardeningTest" time="0.001"/>
  <testcase name="http download URL is rebuilt only at runtime from current authenticated session" classname="sa.hulksa.player.data.P1001CredentialUrlHardeningTest" time="0.001"/>
  <testcase name="download persistence removes credential sources but keeps stable identity and file metadata" classname="sa.hulksa.player.data.P1001CredentialUrlHardeningTest" time="0.001"/>
  <testcase name="download identity from account A cannot resolve under account B" classname="sa.hulksa.player.data.P1001CredentialUrlHardeningTest" time="0.001"/>
  <testcase name="malformed legacy download metadata with credential material fails closed" classname="sa.hulksa.player.data.P1001CredentialUrlHardeningTest" time="0.0"/>
  <testcase name="redaction catches player api credentials" classname="sa.hulksa.player.data.P1001CredentialUrlHardeningTest" time="0.0"/>
  <testcase name="tv internal deep link contains identity only and artwork uses strict credential classification" classname="sa.hulksa.player.data.P1001CredentialUrlHardeningTest" time="0.003"/>
  <testcase name="https download URL is rebuilt only at runtime from current authenticated session" classname="sa.hulksa.player.data.P1001CredentialUrlHardeningTest" time="0.0"/>
  <testcase name="work plan contains identity only and no transport URL field" classname="sa.hulksa.player.data.P1001CredentialUrlHardeningTest" time="0.004"/>
  <testcase name="redaction inspects percent encoded credential material" classname="sa.hulksa.player.data.P1001CredentialUrlHardeningTest" time="0.0"/>
  <testcase name="redaction catches live movie and series credential paths" classname="sa.hulksa.player.data.P1001CredentialUrlHardeningTest" time="0.0"/>
  <system-out><![CDATA[]]></system-out>
  <system-err><![CDATA[]]></system-err>
</testsuite>
