<?xml version="1.0" encoding="UTF-8"?>
<testsuite name="sa.hulksa.player.ui.screens.SelectedCategoryFocusPolicyTest" tests="8" skipped="0" failures="0" errors="0" timestamp="2026-09-03T02:58:10.061Z" hostname="runnervmgx7h7" time="0.01">
  <properties/>
  <testcase name="restoreTargetUsesTheCurrentIdResolvedAfterReorder" classname="sa.hulksa.player.ui.screens.SelectedCategoryFocusPolicyTest" time="0.0"/>
  <testcase name="pendingRestoreAllowsOnlyTheSelectedCategoryEvenAfterTheGroupEnters" classname="sa.hulksa.player.ui.screens.SelectedCategoryFocusPolicyTest" time="0.0"/>
  <testcase name="missingCategoryDoesNotInventAFocusTarget" classname="sa.hulksa.player.ui.screens.SelectedCategoryFocusPolicyTest" time="0.0"/>
  <testcase name="catalogSpecialCategoriesResolveToTheirExactSlots" classname="sa.hulksa.player.ui.screens.SelectedCategoryFocusPolicyTest" time="0.0"/>
  <testcase name="farCatalogCategoryResolvesAfterLeadingSlots" classname="sa.hulksa.player.ui.screens.SelectedCategoryFocusPolicyTest" time="0.001"/>
  <testcase name="liveCategoryUsesItsOwnLeadingSlots" classname="sa.hulksa.player.ui.screens.SelectedCategoryFocusPolicyTest" time="0.0"/>
  <testcase name="allCategoryNullIdIsNotMistakenForAnAbsentPendingRequest" classname="sa.hulksa.player.ui.screens.SelectedCategoryFocusPolicyTest" time="0.009"/>
  <testcase name="restoreWaitsForBothScrollCompletionAndExactTargetPlacement" classname="sa.hulksa.player.ui.screens.SelectedCategoryFocusPolicyTest" time="0.0"/>
  <system-out><![CDATA[]]></system-out>
  <system-err><![CDATA[]]></system-err>
</testsuite>
