<?xml version="1.0" encoding="UTF-8"?>
<testsuite name="sa.hulksa.player.ui.screens.ProfilePickerTvPremiumTest" tests="3" skipped="0" failures="0" errors="0" timestamp="2026-09-03T02:58:10.056Z" hostname="runnervmgx7h7" time="0.003">
  <properties/>
  <testcase name="largeTvUsesRoomWithoutChangingFocusGeometry" classname="sa.hulksa.player.ui.screens.ProfilePickerTvPremiumTest" time="0.003"/>
  <testcase name="allTvClassesKeepPremiumFocusBorder" classname="sa.hulksa.player.ui.screens.ProfilePickerTvPremiumTest" time="0.0"/>
  <testcase name="compactTvKeepsExtraSafeSpaceAndSmallerCards" classname="sa.hulksa.player.ui.screens.ProfilePickerTvPremiumTest" time="0.0"/>
  <system-out><![CDATA[]]></system-out>
  <system-err><![CDATA[]]></system-err>
</testsuite>
