<?xml version="1.0" encoding="UTF-8"?>
<testsuite name="sa.hulksa.player.ui.VoiceSearchFoundationTest" tests="6" skipped="0" failures="0" errors="0" timestamp="2026-09-03T02:58:09.910Z" hostname="runnervmgx7h7" time="0.005">
  <properties/>
  <testcase name="supportedRemoteVoiceKeysAreScopedToKnownAssistKeys" classname="sa.hulksa.player.ui.VoiceSearchFoundationTest" time="0.002"/>
  <testcase name="recognizedTextRemainsEditableAndCasePreserved" classname="sa.hulksa.player.ui.VoiceSearchFoundationTest" time="0.001"/>
  <testcase name="arabicQueryUsesArabicRecognitionWithoutChangingSearchText" classname="sa.hulksa.player.ui.VoiceSearchFoundationTest" time="0.0"/>
  <testcase name="emptyQueryFallsBackToArabicOrEnglishDeviceLanguage" classname="sa.hulksa.player.ui.VoiceSearchFoundationTest" time="0.0"/>
  <testcase name="latinQueryUsesEnglishRecognition" classname="sa.hulksa.player.ui.VoiceSearchFoundationTest" time="0.0"/>
  <testcase name="voiceActionIsAvailableOnlyInsideAuthenticatedSearchDestination" classname="sa.hulksa.player.ui.VoiceSearchFoundationTest" time="0.002"/>
  <system-out><![CDATA[]]></system-out>
  <system-err><![CDATA[]]></system-err>
</testsuite>
