<?xml version="1.0" encoding="UTF-8"?>
<testsuite name="sa.hulksa.player.ui.screens.LoginKeyboardFocusTransitionControllerTest" tests="2" skipped="0" failures="0" errors="0" timestamp="2026-09-03T02:58:10.036Z" hostname="runnervmgx7h7" time="0.002">
  <properties/>
  <testcase name="returningToTextFieldThenLeavingAgain_allowsAnotherKeyboardHide" classname="sa.hulksa.player.ui.screens.LoginKeyboardFocusTransitionControllerTest" time="0.001"/>
  <testcase name="passwordToRememberThenShowPasswordThenLogin_hidesKeyboardOnlyOnce" classname="sa.hulksa.player.ui.screens.LoginKeyboardFocusTransitionControllerTest" time="0.001"/>
  <system-out><![CDATA[]]></system-out>
  <system-err><![CDATA[]]></system-err>
</testsuite>
