<?xml version="1.0" encoding="UTF-8"?>
<testsuite name="sa.hulksa.player.data.OkHttpCoroutineCancellationTest" tests="6" skipped="0" failures="0" errors="0" timestamp="2026-09-03T02:58:07.670Z" hostname="runnervmgx7h7" time="0.601">
  <properties/>
  <testcase name="xtreamRealTransportFailureRemainsNetworkFailure" classname="sa.hulksa.player.data.OkHttpCoroutineCancellationTest" time="0.391"/>
  <testcase name="xtreamCancellationDoesNotBecomeNetworkFailure" classname="sa.hulksa.player.data.OkHttpCoroutineCancellationTest" time="0.063"/>
  <testcase name="successfulRequestReturnsNormallyAndResponseIsClosed" classname="sa.hulksa.player.data.OkHttpCoroutineCancellationTest" time="0.027"/>
  <testcase name="xtreamOversizedBodyBehaviorRemainsBounded" classname="sa.hulksa.player.data.OkHttpCoroutineCancellationTest" time="0.086"/>
  <testcase name="coroutineCancellationCancelsUnderlyingOkHttpCall" classname="sa.hulksa.player.data.OkHttpCoroutineCancellationTest" time="0.019"/>
  <testcase name="realIOExceptionRemainsIOExceptionWhenCoroutineIsActive" classname="sa.hulksa.player.data.OkHttpCoroutineCancellationTest" time="0.014"/>
  <system-out><![CDATA[]]></system-out>
  <system-err><![CDATA[Sep 03, 2026 2:58:08 AM okhttp3.mockwebserver.MockWebServer$SocketHandler handle
WARNING: MockWebServer[47371] connection from /127.0.0.1 didn't make a request
Sep 03, 2026 2:58:08 AM okhttp3.mockwebserver.MockWebServer$SocketHandler handle
WARNING: MockWebServer[46979] connection from /127.0.0.1 didn't make a request
]]></system-err>
</testsuite>
