<?xml version="1.0" encoding="UTF-8"?>
<testsuite name="sa.hulksa.player.data.AccountFoundationTest" tests="12" skipped="0" failures="0" errors="0" timestamp="2026-09-03T02:58:07.316Z" hostname="runnervmgx7h7" time="0.041">
  <properties/>
  <testcase name="sessionExpiryHonorsMissingZeroAndExplicitExpiry" classname="sa.hulksa.player.data.AccountFoundationTest" time="0.001"/>
  <testcase name="resumeRevalidationRunsWhenServerValidationIsStale" classname="sa.hulksa.player.data.AccountFoundationTest" time="0.0"/>
  <testcase name="authenticationIdentityDoesNotReuseDifferentUsernameScope" classname="sa.hulksa.player.data.AccountFoundationTest" time="0.026"/>
  <testcase name="stableAccountIdSeparatesAccountsWithoutUsingPassword" classname="sa.hulksa.player.data.AccountFoundationTest" time="0.003"/>
  <testcase name="resumeRevalidationRequiresServerCheckAfterWallClockRollback" classname="sa.hulksa.player.data.AccountFoundationTest" time="0.0"/>
  <testcase name="scopedPreferencesNameKeepsAccountStorageSeparate" classname="sa.hulksa.player.data.AccountFoundationTest" time="0.002"/>
  <testcase name="stableAccountIdIgnoresTrailingPortalSlash" classname="sa.hulksa.player.data.AccountFoundationTest" time="0.001"/>
  <testcase name="resumeRevalidationRequiresServerCheckWhenAuthenticationMetadataIsMissing" classname="sa.hulksa.player.data.AccountFoundationTest" time="0.0"/>
  <testcase name="authenticationIdentityKeepsSameSubscriberScopeAcrossPortalChanges" classname="sa.hulksa.player.data.AccountFoundationTest" time="0.001"/>
  <testcase name="resumeRevalidationSkipsFreshServerValidation" classname="sa.hulksa.player.data.AccountFoundationTest" time="0.0"/>
  <testcase name="resumeRevalidationThrottlesRecentFailedAttempt" classname="sa.hulksa.player.data.AccountFoundationTest" time="0.0"/>
  <testcase name="usernameAliasIsCaseSensitive" classname="sa.hulksa.player.data.AccountFoundationTest" time="0.002"/>
  <system-out><![CDATA[]]></system-out>
  <system-err><![CDATA[]]></system-err>
</testsuite>
