<?xml version="1.0" encoding="UTF-8"?>
<testsuite name="sa.hulksa.player.DownloadNotificationPermissionTest" tests="4" skipped="0" failures="0" errors="0" timestamp="2026-09-03T02:58:07.292Z" hostname="runnervmgx7h7" time="0.003">
  <properties/>
  <testcase name="granted permission is never requested again" classname="sa.hulksa.player.DownloadNotificationPermissionTest" time="0.001"/>
  <testcase name="television devices skip notification prompt" classname="sa.hulksa.player.DownloadNotificationPermissionTest" time="0.001"/>
  <testcase name="older android versions do not request runtime permission" classname="sa.hulksa.player.DownloadNotificationPermissionTest" time="0.0"/>
  <testcase name="android thirteen phone requests missing permission" classname="sa.hulksa.player.DownloadNotificationPermissionTest" time="0.0"/>
  <system-out><![CDATA[]]></system-out>
  <system-err><![CDATA[]]></system-err>
</testsuite>
