<?xml version="1.0" encoding="UTF-8"?>
<testsuite name="sa.hulksa.player.ui.screens.PlayerProEpisodeNavigationTest" tests="8" skipped="0" failures="0" errors="0" timestamp="2026-09-03T02:58:10.041Z" hostname="runnervmgx7h7" time="0.007">
  <properties/>
  <testcase name="favoritesZappingWrapsInsideFavoritesAcrossUnderlyingCategories" classname="sa.hulksa.player.ui.screens.PlayerProEpisodeNavigationTest" time="0.002"/>
  <testcase name="tvPremiumPlayerOverlayProtectsCompactSafeAreaAndScalesOnLargeTv" classname="sa.hulksa.player.ui.screens.PlayerProEpisodeNavigationTest" time="0.001"/>
  <testcase name="middleEpisodeResolvesChronologicalPreviousAndNext" classname="sa.hulksa.player.ui.screens.PlayerProEpisodeNavigationTest" time="0.001"/>
  <testcase name="explicitCategoryNavigationNeverLeaksIntoAnotherCategory" classname="sa.hulksa.player.ui.screens.PlayerProEpisodeNavigationTest" time="0.0"/>
  <testcase name="episodeLabelKeepsSeasonEpisodeAndTitleTogether" classname="sa.hulksa.player.ui.screens.PlayerProEpisodeNavigationTest" time="0.003"/>
  <testcase name="unknownStreamDoesNotGuessEpisodeNeighbors" classname="sa.hulksa.player.ui.screens.PlayerProEpisodeNavigationTest" time="0.0"/>
  <testcase name="firstEpisodeHasNoPreviousAndLastEpisodeHasNoNext" classname="sa.hulksa.player.ui.screens.PlayerProEpisodeNavigationTest" time="0.0"/>
  <testcase name="rapidLiveZappingUsesPendingTargetAsTheNextAnchor" classname="sa.hulksa.player.ui.screens.PlayerProEpisodeNavigationTest" time="0.0"/>
  <system-out><![CDATA[]]></system-out>
  <system-err><![CDATA[]]></system-err>
</testsuite>
