<?xml version="1.0" encoding="UTF-8"?>
<testsuite name="sa.hulksa.player.ui.screens.CatalogScreenEntryModelsTest" tests="15" skipped="0" failures="0" errors="0" timestamp="2026-09-03T02:58:09.922Z" hostname="runnervmgx7h7" time="0.058">
  <properties/>
  <testcase name="favorite category uses persisted state plus optimistic override" classname="sa.hulksa.player.ui.screens.CatalogScreenEntryModelsTest" time="0.016"/>
  <testcase name="derived catalog preserves newest category query and continue behavior" classname="sa.hulksa.player.ui.screens.CatalogScreenEntryModelsTest" time="0.0"/>
  <testcase name="category and query changes invalidate only the requested destination" classname="sa.hulksa.player.ui.screens.CatalogScreenEntryModelsTest" time="0.003"/>
  <testcase name="catalog identity change recalculates without stale items" classname="sa.hulksa.player.ui.screens.CatalogScreenEntryModelsTest" time="0.001"/>
  <testcase name="profile stores and kids scoped catalogs remain isolated" classname="sa.hulksa.player.ui.screens.CatalogScreenEntryModelsTest" time="0.001"/>
  <testcase name="catalog and first home derivation run on configured worker dispatcher" classname="sa.hulksa.player.ui.screens.CatalogScreenEntryModelsTest" time="0.02"/>
  <testcase name="newest ordering remains stable for equal timestamps" classname="sa.hulksa.player.ui.screens.CatalogScreenEntryModelsTest" time="0.0"/>
  <testcase name="home model caches same inputs and invalidates on catalog revision" classname="sa.hulksa.player.ui.screens.CatalogScreenEntryModelsTest" time="0.003"/>
  <testcase name="same input reuses derived instance without recalculation" classname="sa.hulksa.player.ui.screens.CatalogScreenEntryModelsTest" time="0.001"/>
  <testcase name="empty and nullable metadata catalogs do not crash" classname="sa.hulksa.player.ui.screens.CatalogScreenEntryModelsTest" time="0.001"/>
  <testcase name="profile account and kids stores never share last good home" classname="sa.hulksa.player.ui.screens.CatalogScreenEntryModelsTest" time="0.001"/>
  <testcase name="movies and series keep independent last good models during revalidation" classname="sa.hulksa.player.ui.screens.CatalogScreenEntryModelsTest" time="0.004"/>
  <testcase name="current home fallback replaces stale exact model until revalidation completes" classname="sa.hulksa.player.ui.screens.CatalogScreenEntryModelsTest" time="0.002"/>
  <testcase name="stale home result cannot replace a newer completed input" classname="sa.hulksa.player.ui.screens.CatalogScreenEntryModelsTest" time="0.003"/>
  <testcase name="series model keeps series keys filtering and resume history" classname="sa.hulksa.player.ui.screens.CatalogScreenEntryModelsTest" time="0.0"/>
  <system-out><![CDATA[]]></system-out>
  <system-err><![CDATA[]]></system-err>
</testsuite>
