<?xml version="1.0" encoding="UTF-8"?>
<testsuite name="sa.hulksa.player.data.ArtworkUrlTest" tests="4" skipped="0" failures="0" errors="0" timestamp="2026-09-03T02:58:07.424Z" hostname="runnervmgx7h7" time="0.033">
  <properties/>
  <testcase name="resolvesProtocolRelativeArtworkUrls" classname="sa.hulksa.player.data.ArtworkUrlTest" time="0.031"/>
  <testcase name="keepsAbsoluteArtworkUrls" classname="sa.hulksa.player.data.ArtworkUrlTest" time="0.0"/>
  <testcase name="ignoresMissingArtworkValues" classname="sa.hulksa.player.data.ArtworkUrlTest" time="0.0"/>
  <testcase name="resolvesRootAndPathRelativeArtworkUrls" classname="sa.hulksa.player.data.ArtworkUrlTest" time="0.001"/>
  <system-out><![CDATA[]]></system-out>
  <system-err><![CDATA[]]></system-err>
</testsuite>
