<?xml version="1.0" encoding="UTF-8"?>
<testsuite name="sa.hulksa.player.ui.ProfileCatalogNavigationMemoryTest" tests="2" skipped="0" failures="0" errors="0" timestamp="2026-09-03T02:58:09.876Z" hostname="runnervmgx7h7" time="0.001">
  <properties/>
  <testcase name="searchQueryIsRestoredIndependentlyFromCatalogQueries" classname="sa.hulksa.player.ui.ProfileCatalogNavigationMemoryTest" time="0.001"/>
  <testcase name="searchParticipatesInProfileSessionMemoryButHomeDoesNot" classname="sa.hulksa.player.ui.ProfileCatalogNavigationMemoryTest" time="0.0"/>
  <system-out><![CDATA[]]></system-out>
  <system-err><![CDATA[]]></system-err>
</testsuite>
