<?xml version="1.0" encoding="UTF-8"?>
<testsuite name="sa.hulksa.player.ui.screens.TvNotificationCardScrollPolicyTest" tests="16" skipped="0" failures="0" errors="0" timestamp="2026-09-03T02:58:10.112Z" hostname="runnervmgx7h7" time="0.004">
  <properties/>
  <testcase name="deletingOnlyCardFallsBackToBack" classname="sa.hulksa.player.ui.screens.TvNotificationCardScrollPolicyTest" time="0.001"/>
  <testcase name="disappearingMarkReadActionFallsBackInsideSameCard" classname="sa.hulksa.player.ui.screens.TvNotificationCardScrollPolicyTest" time="0.0"/>
  <testcase name="sameCardMovementNeverQueriesListComposition" classname="sa.hulksa.player.ui.screens.TvNotificationCardScrollPolicyTest" time="0.0"/>
  <testcase name="threeFiveAndTenPlusNotificationsKeepEveryCardBoundaryStable" classname="sa.hulksa.player.ui.screens.TvNotificationCardScrollPolicyTest" time="0.001"/>
  <testcase name="customGraphBlocksOnlyDirectionsWithoutOwnedTargets" classname="sa.hulksa.player.ui.screens.TvNotificationCardScrollPolicyTest" time="0.0"/>
  <testcase name="readCardSkipsHiddenMarkReadInBothDirections" classname="sa.hulksa.player.ui.screens.TvNotificationCardScrollPolicyTest" time="0.0"/>
  <testcase name="partiallyOrFullyVisibleTargetUsesOnlyAttachedFocus" classname="sa.hulksa.player.ui.screens.TvNotificationCardScrollPolicyTest" time="0.0"/>
  <testcase name="deletingFocusedMiddleCardFallsForwardToNextCardPrimaryAction" classname="sa.hulksa.player.ui.screens.TvNotificationCardScrollPolicyTest" time="0.0"/>
  <testcase name="headerMovementNeverQueriesListComposition" classname="sa.hulksa.player.ui.screens.TvNotificationCardScrollPolicyTest" time="0.001"/>
  <testcase name="fullyOffscreenTargetUsesOneCompositionTransaction" classname="sa.hulksa.player.ui.screens.TvNotificationCardScrollPolicyTest" time="0.0"/>
  <testcase name="oneNotificationKeepsHeaderAndSingleCardFocusPathValid" classname="sa.hulksa.player.ui.screens.TvNotificationCardScrollPolicyTest" time="0.001"/>
  <testcase name="headerReadAllClearAllAndBackNavigationFollowsGeometry" classname="sa.hulksa.player.ui.screens.TvNotificationCardScrollPolicyTest" time="0.0"/>
  <testcase name="unreadCardMovesThroughEveryActionWithoutSkipping" classname="sa.hulksa.player.ui.screens.TvNotificationCardScrollPolicyTest" time="0.0"/>
  <testcase name="focusRequestIsSingleShotWithoutArbitraryRetryLoop" classname="sa.hulksa.player.ui.screens.TvNotificationCardScrollPolicyTest" time="0.0"/>
  <testcase name="deletingLastCardFallsBackToPreviousCardLastActionById" classname="sa.hulksa.player.ui.screens.TvNotificationCardScrollPolicyTest" time="0.0"/>
  <testcase name="twoNotificationsMoveAcrossCardBoundaryInBothDirections" classname="sa.hulksa.player.ui.screens.TvNotificationCardScrollPolicyTest" time="0.0"/>
  <system-out><![CDATA[]]></system-out>
  <system-err><![CDATA[]]></system-err>
</testsuite>
