<?xml version="1.0" encoding="UTF-8"?>
<testsuite name="sa.hulksa.player.ui.screens.ProfileHomeFirstFramePresentationTest" tests="6" skipped="0" failures="0" errors="0" timestamp="2026-09-03T02:58:10.050Z" hostname="runnervmgx7h7" time="0.005">
  <properties/>
  <testcase name="movie catalog arrival replaces empty fallback immediately before exact derivation" classname="sa.hulksa.player.ui.screens.ProfileHomeFirstFramePresentationTest" time="0.001"/>
  <testcase name="fresh profile exposes non-null cheap empty home presentation" classname="sa.hulksa.player.ui.screens.ProfileHomeFirstFramePresentationTest" time="0.0"/>
  <testcase name="stale exact completion cannot replace newer current input presentation" classname="sa.hulksa.player.ui.screens.ProfileHomeFirstFramePresentationTest" time="0.001"/>
  <testcase name="fresh profile stores never share catalog or personalized presentation" classname="sa.hulksa.player.ui.screens.ProfileHomeFirstFramePresentationTest" time="0.002"/>
  <testcase name="series catalog arrival exposes hero source without manual refresh" classname="sa.hulksa.player.ui.screens.ProfileHomeFirstFramePresentationTest" time="0.0"/>
  <testcase name="stale exact model from previous input never masks current catalog fallback" classname="sa.hulksa.player.ui.screens.ProfileHomeFirstFramePresentationTest" time="0.001"/>
  <system-out><![CDATA[]]></system-out>
  <system-err><![CDATA[]]></system-err>
</testsuite>
