<?xml version="1.0" encoding="UTF-8"?>
<testsuite name="sa.hulksa.player.security.CredentialPayloadCodecTest" tests="3" skipped="0" failures="0" errors="0" timestamp="2026-09-03T02:58:09.812Z" hostname="runnervmgx7h7" time="0.001">
  <properties/>
  <testcase name="legacyPayloadWithoutAccessCodeFailsClosed" classname="sa.hulksa.player.security.CredentialPayloadCodecTest" time="0.001"/>
  <testcase name="incompletePayloadFailsClosed" classname="sa.hulksa.player.security.CredentialPayloadCodecTest" time="0.0"/>
  <testcase name="rememberAccountPayloadPreservesCaseSensitiveAccessCodeAndCredentials" classname="sa.hulksa.player.security.CredentialPayloadCodecTest" time="0.0"/>
  <system-out><![CDATA[]]></system-out>
  <system-err><![CDATA[]]></system-err>
</testsuite>
