<?xml version="1.0" encoding="UTF-8"?>
<testsuite name="sa.hulksa.player.ui.screens.HomeRecommendationCacheTest" tests="2" skipped="0" failures="0" errors="0" timestamp="2026-09-03T02:58:10.004Z" hostname="runnervmgx7h7" time="0.003">
  <properties/>
  <testcase name="changingFavoritesInvalidatesAndRebuildsRecommendations" classname="sa.hulksa.player.ui.screens.HomeRecommendationCacheTest" time="0.002"/>
  <testcase name="unchangedInputsReuseTheCachedHomeSnapshot" classname="sa.hulksa.player.ui.screens.HomeRecommendationCacheTest" time="0.001"/>
  <system-out><![CDATA[]]></system-out>
  <system-err><![CDATA[]]></system-err>
</testsuite>
