<?xml version="1.0" encoding="UTF-8"?>
<testsuite name="sa.hulksa.player.data.DurableDownloadPreferenceStoreTest" tests="6" skipped="0" failures="0" errors="0" timestamp="2026-09-03T02:58:07.516Z" hostname="runnervmgx7h7" time="0.006">
  <properties/>
  <testcase name="queued constraint changes still replace durable work" classname="sa.hulksa.player.data.DurableDownloadPreferenceStoreTest" time="0.001"/>
  <testcase name="paused failed and completed states cancel durable work" classname="sa.hulksa.player.data.DurableDownloadPreferenceStoreTest" time="0.001"/>
  <testcase name="network constraint changes require rescheduling" classname="sa.hulksa.player.data.DurableDownloadPreferenceStoreTest" time="0.0"/>
  <testcase name="active transport is not replaced when scheduled metadata is cleared" classname="sa.hulksa.player.data.DurableDownloadPreferenceStoreTest" time="0.0"/>
  <testcase name="active and blocked states enqueue durable work" classname="sa.hulksa.player.data.DurableDownloadPreferenceStoreTest" time="0.0"/>
  <testcase name="progress-only status changes keep the same scheduling state" classname="sa.hulksa.player.data.DurableDownloadPreferenceStoreTest" time="0.001"/>
  <system-out><![CDATA[]]></system-out>
  <system-err><![CDATA[]]></system-err>
</testsuite>
