<?xml version="1.0" encoding="UTF-8"?>
<testsuite name="sa.hulksa.player.data.FeatureFlagPolicyTest" tests="4" skipped="0" failures="0" errors="0" timestamp="2026-09-03T02:58:07.534Z" hostname="runnervmgx7h7" time="0.016">
  <properties/>
  <testcase name="unknownFlagIsIgnoredByParser" classname="sa.hulksa.player.data.FeatureFlagPolicyTest" time="0.014"/>
  <testcase name="apiFailureUsesSafeLocalDefaults" classname="sa.hulksa.player.data.FeatureFlagPolicyTest" time="0.0"/>
  <testcase name="knownFlagOverridesSafeDefault" classname="sa.hulksa.player.data.FeatureFlagPolicyTest" time="0.0"/>
  <testcase name="missingFlagsUseSafeLocalDefaults" classname="sa.hulksa.player.data.FeatureFlagPolicyTest" time="0.0"/>
  <system-out><![CDATA[]]></system-out>
  <system-err><![CDATA[]]></system-err>
</testsuite>
