<?xml version="1.0" encoding="UTF-8"?>
<testsuite name="sa.hulksa.player.data.AccountSessionDownloadIsolationTest" tests="11" skipped="0" failures="0" errors="0" timestamp="2026-09-03T02:58:07.362Z" hostname="runnervmgx7h7" time="0.04">
  <properties/>
  <testcase name="account mismatch is rejected when immutable profile snapshot is built" classname="sa.hulksa.player.data.AccountSessionDownloadIsolationTest" time="0.004"/>
  <testcase name="logout pauses active work while preserving paused and completed records" classname="sa.hulksa.player.data.AccountSessionDownloadIsolationTest" time="0.001"/>
  <testcase name="worker remains fail closed during login binding and terminates after logout" classname="sa.hulksa.player.data.AccountSessionDownloadIsolationTest" time="0.001"/>
  <testcase name="profile filtering is resolved once and list accessors reuse the same snapshot" classname="sa.hulksa.player.data.AccountSessionDownloadIsolationTest" time="0.002"/>
  <testcase name="process death retries without transport and reboot under another account terminates" classname="sa.hulksa.player.data.AccountSessionDownloadIsolationTest" time="0.001"/>
  <testcase name="download metadata physical paths and workers are account scoped not profile scoped" classname="sa.hulksa.player.data.AccountSessionDownloadIsolationTest" time="0.009"/>
  <testcase name="new snapshot reflects profile switch without changing old immutable snapshot" classname="sa.hulksa.player.data.AccountSessionDownloadIsolationTest" time="0.012"/>
  <testcase name="legacy metadata migrates only to the previously captured owner" classname="sa.hulksa.player.data.AccountSessionDownloadIsolationTest" time="0.001"/>
  <testcase name="worker requires its account record and the matching active session" classname="sa.hulksa.player.data.AccountSessionDownloadIsolationTest" time="0.001"/>
  <testcase name="profile snapshot preserves active progress and completed state" classname="sa.hulksa.player.data.AccountSessionDownloadIsolationTest" time="0.004"/>
  <testcase name="removing one profile reference preserves the shared physical download" classname="sa.hulksa.player.data.AccountSessionDownloadIsolationTest" time="0.001"/>
  <system-out><![CDATA[]]></system-out>
  <system-err><![CDATA[]]></system-err>
</testsuite>
