<?xml version="1.0" encoding="UTF-8"?>
<testsuite name="sa.hulksa.player.ui.screens.PlayerModalPolicyTest" tests="7" skipped="0" failures="0" errors="0" timestamp="2026-09-03T02:58:10.039Z" hostname="runnervmgx7h7" time="0.001">
  <properties/>
  <testcase name="error source action only exists for source-class final failure" classname="sa.hulksa.player.ui.screens.PlayerModalPolicyTest" time="0.0"/>
  <testcase name="left right and select remain owned by focused modal actions" classname="sa.hulksa.player.ui.screens.PlayerModalPolicyTest" time="0.001"/>
  <testcase name="up down channel and player commands are consumed by error modal" classname="sa.hulksa.player.ui.screens.PlayerModalPolicyTest" time="0.0"/>
  <testcase name="source final error offers source picker only when alternate exists" classname="sa.hulksa.player.ui.screens.PlayerModalPolicyTest" time="0.0"/>
  <testcase name="retry is always the initial error modal action" classname="sa.hulksa.player.ui.screens.PlayerModalPolicyTest" time="0.0"/>
  <testcase name="back is owned exclusively by error modal policy" classname="sa.hulksa.player.ui.screens.PlayerModalPolicyTest" time="0.0"/>
  <testcase name="audio final error never offers source picker" classname="sa.hulksa.player.ui.screens.PlayerModalPolicyTest" time="0.0"/>
  <system-out><![CDATA[]]></system-out>
  <system-err><![CDATA[]]></system-err>
</testsuite>
