<?xml version="1.0" encoding="UTF-8"?>
<testsuite name="sa.hulksa.player.data.SearchLiveHistoryIsolationTest" tests="15" skipped="0" failures="0" errors="0" timestamp="2026-09-03T02:58:09.696Z" hostname="runnervmgx7h7" time="0.016">
  <properties/>
  <testcase name="account A to B to A restores each accounts own profile state" classname="sa.hulksa.player.data.SearchLiveHistoryIsolationTest" time="0.002"/>
  <testcase name="profile one live activity is invisible to profile two" classname="sa.hulksa.player.data.SearchLiveHistoryIsolationTest" time="0.0"/>
  <testcase name="profile deletion removes only the exact account and profile owner" classname="sa.hulksa.player.data.SearchLiveHistoryIsolationTest" time="0.001"/>
  <testcase name="logout then another account with the same primary profile sees no prior state" classname="sa.hulksa.player.data.SearchLiveHistoryIsolationTest" time="0.0"/>
  <testcase name="matching provider content and channel ids do not join account namespaces" classname="sa.hulksa.player.data.SearchLiveHistoryIsolationTest" time="0.001"/>
  <testcase name="last channel is resolved from the active profile history only" classname="sa.hulksa.player.data.SearchLiveHistoryIsolationTest" time="0.001"/>
  <testcase name="selected search cards stay isolated between profiles" classname="sa.hulksa.player.data.SearchLiveHistoryIsolationTest" time="0.0"/>
  <testcase name="legacy raw query state is cleared instead of being revived" classname="sa.hulksa.player.data.SearchLiveHistoryIsolationTest" time="0.001"/>
  <testcase name="process recreation reads only the restored account and profile" classname="sa.hulksa.player.data.SearchLiveHistoryIsolationTest" time="0.002"/>
  <testcase name="proven legacy search owner migrates once to that account only" classname="sa.hulksa.player.data.SearchLiveHistoryIsolationTest" time="0.002"/>
  <testcase name="returning to profile one restores only its recent channels" classname="sa.hulksa.player.data.SearchLiveHistoryIsolationTest" time="0.0"/>
  <testcase name="global legacy live state is cleared even when an account owner is known" classname="sa.hulksa.player.data.SearchLiveHistoryIsolationTest" time="0.001"/>
  <testcase name="new scoped state contains no credential or media source fields" classname="sa.hulksa.player.data.SearchLiveHistoryIsolationTest" time="0.003"/>
  <testcase name="writes during logout are ignored instead of becoming a future accounts state" classname="sa.hulksa.player.data.SearchLiveHistoryIsolationTest" time="0.0"/>
  <testcase name="unknown legacy search owner is cleared without assigning the active account" classname="sa.hulksa.player.data.SearchLiveHistoryIsolationTest" time="0.001"/>
  <system-out><![CDATA[]]></system-out>
  <system-err><![CDATA[]]></system-err>
</testsuite>
