<?xml version="1.0" encoding="UTF-8"?>
<testsuite name="sa.hulksa.player.data.DownloadSchedulingPolicyTest" tests="4" skipped="0" failures="0" errors="0" timestamp="2026-09-03T02:58:07.463Z" hostname="runnervmgx7h7" time="0.002">
  <properties/>
  <testcase name="futureNightScheduleBlocksUntilItsStartTime" classname="sa.hulksa.player.data.DownloadSchedulingPolicyTest" time="0.001"/>
  <testcase name="queuedItemIsRunnableWhenNoExplicitWaitStateExists" classname="sa.hulksa.player.data.DownloadSchedulingPolicyTest" time="0.0"/>
  <testcase name="waitingStorageNeedsTheOriginalStorageTarget" classname="sa.hulksa.player.data.DownloadSchedulingPolicyTest" time="0.0"/>
  <testcase name="waitingNetworkNeedsConnectivity" classname="sa.hulksa.player.data.DownloadSchedulingPolicyTest" time="0.0"/>
  <system-out><![CDATA[]]></system-out>
  <system-err><![CDATA[]]></system-err>
</testsuite>
