<?xml version="1.0" encoding="UTF-8"?>
<testsuite name="sa.hulksa.player.ui.screens.DownloadFocusPolicyTest" tests="4" skipped="0" failures="0" errors="0" timestamp="2026-09-03T02:58:09.993Z" hostname="runnervmgx7h7" time="0.002">
  <properties/>
  <testcase name="all actions traverse horizontally in physical rtl order" classname="sa.hulksa.player.ui.screens.DownloadFocusPolicyTest" time="0.002"/>
  <testcase name="toolbar routes down into matching first card action" classname="sa.hulksa.player.ui.screens.DownloadFocusPolicyTest" time="0.0"/>
  <testcase name="first row returns to toolbar and final row does not escape" classname="sa.hulksa.player.ui.screens.DownloadFocusPolicyTest" time="0.0"/>
  <testcase name="vertical traversal preserves action column between downloads" classname="sa.hulksa.player.ui.screens.DownloadFocusPolicyTest" time="0.0"/>
  <system-out><![CDATA[]]></system-out>
  <system-err><![CDATA[]]></system-err>
</testsuite>
