<?xml version="1.0" encoding="UTF-8"?>
<testsuite name="sa.hulksa.player.ui.screens.CinemaHeroTypeBalanceRegressionTest" tests="1" skipped="0" failures="0" errors="0" timestamp="2026-09-03T02:58:09.983Z" hostname="runnervmgx7h7" time="0.004">
  <properties/>
  <testcase name="posterOnlyMoviesRemainEligibleWhenSeriesOwnBackdropArtwork" classname="sa.hulksa.player.ui.screens.CinemaHeroTypeBalanceRegressionTest" time="0.004"/>
  <system-out><![CDATA[]]></system-out>
  <system-err><![CDATA[]]></system-err>
</testsuite>
