<?xml version="1.0" encoding="UTF-8"?>
<testsuite name="sa.hulksa.player.data.ProviderDuplicateIdentityTest" tests="9" skipped="0" failures="0" errors="0" timestamp="2026-09-03T02:58:09.690Z" hostname="runnervmgx7h7" time="0.004">
  <properties/>
  <testcase name="liveCatalogDuplicateSameIdKeepsFirst" classname="sa.hulksa.player.data.ProviderDuplicateIdentityTest" time="0.002"/>
  <testcase name="seriesCatalogDuplicateSameIdKeepsFirst" classname="sa.hulksa.player.data.ProviderDuplicateIdentityTest" time="0.0"/>
  <testcase name="movieCatalogDuplicateSameIdKeepsFirstAndPreservesOrder" classname="sa.hulksa.player.data.ProviderDuplicateIdentityTest" time="0.0"/>
  <testcase name="episodeDuplicateSameIdKeepsFirstWithoutChangingSurvivorOrder" classname="sa.hulksa.player.data.ProviderDuplicateIdentityTest" time="0.001"/>
  <testcase name="stableIdentityDoesNotChangeWhenMetadataChangesBetweenRefreshes" classname="sa.hulksa.player.data.ProviderDuplicateIdentityTest" time="0.0"/>
  <testcase name="episodeIdentityIncludesParentSeries" classname="sa.hulksa.player.data.ProviderDuplicateIdentityTest" time="0.0"/>
  <testcase name="sameNumericIdAcrossMovieAndSeriesRemainsDistinctForUnifiedSearch" classname="sa.hulksa.player.data.ProviderDuplicateIdentityTest" time="0.0"/>
  <testcase name="p1JsonItemBudgetsRemainUnchanged" classname="sa.hulksa.player.data.ProviderDuplicateIdentityTest" time="0.001"/>
  <testcase name="categoryDuplicateSameIdKeepsFirstStableCategory" classname="sa.hulksa.player.data.ProviderDuplicateIdentityTest" time="0.0"/>
  <system-out><![CDATA[]]></system-out>
  <system-err><![CDATA[]]></system-err>
</testsuite>
