<?xml version="1.0" encoding="UTF-8"?>
<testsuite name="sa.hulksa.player.ui.ParentalCodeBootstrapPolicyTest" tests="12" skipped="0" failures="0" errors="0" timestamp="2026-09-03T02:58:09.874Z" hostname="runnervmgx7h7" time="0.002">
  <properties/>
  <testcase name="adult to kids without parental code requires explicit setup" classname="sa.hulksa.player.ui.ParentalCodeBootstrapPolicyTest" time="0.001"/>
  <testcase name="adult profile pin never changes parental code availability decision" classname="sa.hulksa.player.ui.ParentalCodeBootstrapPolicyTest" time="0.0"/>
  <testcase name="adult to adult remains unchanged without parental code" classname="sa.hulksa.player.ui.ParentalCodeBootstrapPolicyTest" time="0.0"/>
  <testcase name="legacy kids without usable adult pin fails closed" classname="sa.hulksa.player.ui.ParentalCodeBootstrapPolicyTest" time="0.0"/>
  <testcase name="kids to adult with parental code still requires parental verification first" classname="sa.hulksa.player.ui.ParentalCodeBootstrapPolicyTest" time="0.0"/>
  <testcase name="protected adult requires profile pin only after parental authorization" classname="sa.hulksa.player.ui.ParentalCodeBootstrapPolicyTest" time="0.0"/>
  <testcase name="legacy kids with adult pin requires one time profile pin proof" classname="sa.hulksa.player.ui.ParentalCodeBootstrapPolicyTest" time="0.0"/>
  <testcase name="wrong parental code never falls through to target profile pin" classname="sa.hulksa.player.ui.ParentalCodeBootstrapPolicyTest" time="0.0"/>
  <testcase name="kids to kids does not create or require parental code" classname="sa.hulksa.player.ui.ParentalCodeBootstrapPolicyTest" time="0.0"/>
  <testcase name="adult context never requires legacy proof before creating parental code" classname="sa.hulksa.player.ui.ParentalCodeBootstrapPolicyTest" time="0.0"/>
  <testcase name="adult to kids with explicit parental code is allowed" classname="sa.hulksa.player.ui.ParentalCodeBootstrapPolicyTest" time="0.0"/>
  <testcase name="legacy kids to adult without parental code enters setup flow" classname="sa.hulksa.player.ui.ParentalCodeBootstrapPolicyTest" time="0.0"/>
  <system-out><![CDATA[]]></system-out>
  <system-err><![CDATA[]]></system-err>
</testsuite>
