<?xml version="1.0" encoding="UTF-8"?>
<testsuite name="sa.hulksa.player.data.ParentalCodeCredentialPolicyTest" tests="5" skipped="0" failures="0" errors="0" timestamp="2026-09-03T02:58:08.317Z" hostname="runnervmgx7h7" time="0.041">
  <properties/>
  <testcase name="parentalVerifierUsesTheSharedSaltedPrimitiveWithoutSharingStorage" classname="sa.hulksa.player.data.ParentalCodeCredentialPolicyTest" time="0.039"/>
  <testcase name="accountWithoutLegacyKidsNeverPromotesAdultPinToParentalCredential" classname="sa.hulksa.player.data.ParentalCodeCredentialPolicyTest" time="0.001"/>
  <testcase name="legacyKidsWithoutUsableAdultPinFailsClosed" classname="sa.hulksa.player.data.ParentalCodeCredentialPolicyTest" time="0.0"/>
  <testcase name="parentalCodeRequiresExactlyFourAsciiDigits" classname="sa.hulksa.player.data.ParentalCodeCredentialPolicyTest" time="0.0"/>
  <testcase name="legacyKidsWithAdultPinRequiresProofThenExplicitParentalSetup" classname="sa.hulksa.player.data.ParentalCodeCredentialPolicyTest" time="0.0"/>
  <system-out><![CDATA[]]></system-out>
  <system-err><![CDATA[]]></system-err>
</testsuite>
