<?xml version="1.0" encoding="UTF-8"?>
<testsuite name="sa.hulksa.player.ui.screens.DetailsProPolicyTest" tests="4" skipped="0" failures="0" errors="0" timestamp="2026-09-03T02:58:09.988Z" hostname="runnervmgx7h7" time="0.004">
  <properties/>
  <testcase name="tvMetricsStayAdaptiveAcross720To4kLogicalWidths" classname="sa.hulksa.player.ui.screens.DetailsProPolicyTest" time="0.001"/>
  <testcase name="relatedRankingPrefersSharedGenreAndCategory" classname="sa.hulksa.player.ui.screens.DetailsProPolicyTest" time="0.003"/>
  <testcase name="adjacentEpisodeUsesCurrentOrderedEpisodeWithoutCrossingEdges" classname="sa.hulksa.player.ui.screens.DetailsProPolicyTest" time="0.0"/>
  <testcase name="phoneAndTabletEpisodeColumnsScaleWithoutSingleDeviceAssumptions" classname="sa.hulksa.player.ui.screens.DetailsProPolicyTest" time="0.0"/>
  <system-out><![CDATA[]]></system-out>
  <system-err><![CDATA[]]></system-err>
</testsuite>
