<?xml version="1.0" encoding="UTF-8"?>
<testsuite name="sa.hulksa.player.ui.screens.TvGridFocusPolicyTest" tests="4" skipped="0" failures="0" errors="0" timestamp="2026-09-03T02:58:10.110Z" hostname="runnervmgx7h7" time="0.001">
  <properties/>
  <testcase name="rtlHorizontalMovement_staysInSameRow" classname="sa.hulksa.player.ui.screens.TvGridFocusPolicyTest" time="0.0"/>
  <testcase name="gridEdges_doNotInventTargets" classname="sa.hulksa.player.ui.screens.TvGridFocusPolicyTest" time="0.0"/>
  <testcase name="finalShortRow_usesNearestCardInsteadOfFirstColumn" classname="sa.hulksa.player.ui.screens.TvGridFocusPolicyTest" time="0.001"/>
  <testcase name="verticalMovement_preservesColumn" classname="sa.hulksa.player.ui.screens.TvGridFocusPolicyTest" time="0.0"/>
  <system-out><![CDATA[]]></system-out>
  <system-err><![CDATA[]]></system-err>
</testsuite>
