<?xml version="1.0" encoding="UTF-8"?>
<testsuite name="sa.hulksa.player.ui.screens.CategorySidebarUnderlapPolicyTest" tests="3" skipped="0" failures="0" errors="0" timestamp="2026-09-03T02:58:09.981Z" hostname="runnervmgx7h7" time="0.001">
  <properties/>
  <testcase name="mobile category rows keep their original viewport and padding" classname="sa.hulksa.player.ui.screens.CategorySidebarUnderlapPolicyTest" time="0.0"/>
  <testcase name="adaptive rail sizes preserve the visible category start" classname="sa.hulksa.player.ui.screens.CategorySidebarUnderlapPolicyTest" time="0.001"/>
  <testcase name="tv category viewport reaches through the expanded sidebar" classname="sa.hulksa.player.ui.screens.CategorySidebarUnderlapPolicyTest" time="0.0"/>
  <system-out><![CDATA[]]></system-out>
  <system-err><![CDATA[]]></system-err>
</testsuite>
