<?xml version="1.0" encoding="UTF-8"?>
<testsuite name="sa.hulksa.player.ui.adaptive.WindowPresentationPolicyTest" tests="7" skipped="0" failures="0" errors="0" timestamp="2026-09-03T02:58:09.919Z" hostname="runnervmgx7h7" time="0.001">
  <properties/>
  <testcase name="mobile shell uses edge to edge without immersive mode" classname="sa.hulksa.player.ui.adaptive.WindowPresentationPolicyTest" time="0.001"/>
  <testcase name="landscape shell is restored when player was opened from landscape" classname="sa.hulksa.player.ui.adaptive.WindowPresentationPolicyTest" time="0.0"/>
  <testcase name="normal automatic rotation is released after shell orientation is restored" classname="sa.hulksa.player.ui.adaptive.WindowPresentationPolicyTest" time="0.0"/>
  <testcase name="portrait shell is restored after leaving player" classname="sa.hulksa.player.ui.adaptive.WindowPresentationPolicyTest" time="0.0"/>
  <testcase name="undefined pre-player orientation falls back to portrait" classname="sa.hulksa.player.ui.adaptive.WindowPresentationPolicyTest" time="0.0"/>
  <testcase name="television remains immersive without changing activity orientation" classname="sa.hulksa.player.ui.adaptive.WindowPresentationPolicyTest" time="0.0"/>
  <testcase name="mobile player is immersive landscape" classname="sa.hulksa.player.ui.adaptive.WindowPresentationPolicyTest" time="0.0"/>
  <system-out><![CDATA[]]></system-out>
  <system-err><![CDATA[]]></system-err>
</testsuite>
