<?xml version="1.0" encoding="UTF-8"?>
<testsuite name="sa.hulksa.player.data.LocalEpisodeNotificationsTest" tests="37" skipped="0" failures="0" errors="0" timestamp="2026-09-03T02:58:07.621Z" hostname="runnervmgx7h7" time="0.036">
  <properties/>
  <testcase name="firstEnableRejectsAnEmptyOrUnreliableEpisodeSnapshot" classname="sa.hulksa.player.data.LocalEpisodeNotificationsTest" time="0.002"/>
  <testcase name="kidsNotificationTargetNeverUsesGeneralCatalogFallback" classname="sa.hulksa.player.data.LocalEpisodeNotificationsTest" time="0.0"/>
  <testcase name="historyLimitEvictsOldestReadItemFirst" classname="sa.hulksa.player.data.LocalEpisodeNotificationsTest" time="0.0"/>
  <testcase name="masterToggleOnRequiresSafeBaselineRefreshBeforeEvents" classname="sa.hulksa.player.data.LocalEpisodeNotificationsTest" time="0.001"/>
  <testcase name="reenableKeepsPreviouslyProcessedKeysThatAreTemporarilyMissing" classname="sa.hulksa.player.data.LocalEpisodeNotificationsTest" time="0.0"/>
  <testcase name="removingFavoriteDoesNotDisableNotifications" classname="sa.hulksa.player.data.LocalEpisodeNotificationsTest" time="0.001"/>
  <testcase name="badgeChangesAfterProfileSwitch" classname="sa.hulksa.player.data.LocalEpisodeNotificationsTest" time="0.0"/>
  <testcase name="multipleEpisodesCreateOneGroupedPopup" classname="sa.hulksa.player.data.LocalEpisodeNotificationsTest" time="0.003"/>
  <testcase name="firstEnableCreatesBaselineOnly" classname="sa.hulksa.player.data.LocalEpisodeNotificationsTest" time="0.0"/>
  <testcase name="popupShownIsIndependentFromReadState" classname="sa.hulksa.player.data.LocalEpisodeNotificationsTest" time="0.0"/>
  <testcase name="readNotificationDecreasesBadge" classname="sa.hulksa.player.data.LocalEpisodeNotificationsTest" time="0.0"/>
  <testcase name="disabledSubscriptionStopsEvents" classname="sa.hulksa.player.data.LocalEpisodeNotificationsTest" time="0.001"/>
  <testcase name="deleteDoesNotRemoveProcessedEpisodeKey" classname="sa.hulksa.player.data.LocalEpisodeNotificationsTest" time="0.0"/>
  <testcase name="missingSeriesResponseDoesNotCrashOrResetBaseline" classname="sa.hulksa.player.data.LocalEpisodeNotificationsTest" time="0.0"/>
  <testcase name="accountIdentityIsPartOfUniqueEventKey" classname="sa.hulksa.player.data.LocalEpisodeNotificationsTest" time="0.005"/>
  <testcase name="notificationsCanBeEnabledWithoutFavorite" classname="sa.hulksa.player.data.LocalEpisodeNotificationsTest" time="0.001"/>
  <testcase name="reorderedEpisodeListDoesNotCreateNotification" classname="sa.hulksa.player.data.LocalEpisodeNotificationsTest" time="0.0"/>
  <testcase name="popupIsShownOnlyOnce" classname="sa.hulksa.player.data.LocalEpisodeNotificationsTest" time="0.001"/>
  <testcase name="largePopupQueueCollapsesIntoSummary" classname="sa.hulksa.player.data.LocalEpisodeNotificationsTest" time="0.002"/>
  <testcase name="kidsPolicyFailsClosedUnlessSeriesIsVerified" classname="sa.hulksa.player.data.LocalEpisodeNotificationsTest" time="0.001"/>
  <testcase name="readAllClearsUnreadCount" classname="sa.hulksa.player.data.LocalEpisodeNotificationsTest" time="0.0"/>
  <testcase name="incompleteEpisodeMetadataIsProcessedWithoutCreatingAFalseEvent" classname="sa.hulksa.player.data.LocalEpisodeNotificationsTest" time="0.0"/>
  <testcase name="favoriteOnDoesNotEnableNotifications" classname="sa.hulksa.player.data.LocalEpisodeNotificationsTest" time="0.0"/>
  <testcase name="manyEpisodesFromOneSeriesRemainOneSeriesPopup" classname="sa.hulksa.player.data.LocalEpisodeNotificationsTest" time="0.0"/>
  <testcase name="profileAIsIsolatedFromProfileB" classname="sa.hulksa.player.data.LocalEpisodeNotificationsTest" time="0.003"/>
  <testcase name="duplicateEpisodeIsBlockedAfterSuccessfulScan" classname="sa.hulksa.player.data.LocalEpisodeNotificationsTest" time="0.0"/>
  <testcase name="iptvTimeoutKeepsOldBaseline" classname="sa.hulksa.player.data.LocalEpisodeNotificationsTest" time="0.0"/>
  <testcase name="deleteNotificationRemovesOnlyHistoryItem" classname="sa.hulksa.player.data.LocalEpisodeNotificationsTest" time="0.0"/>
  <testcase name="clearAllDoesNotResetBaseline" classname="sa.hulksa.player.data.LocalEpisodeNotificationsTest" time="0.0"/>
  <testcase name="disablingNotificationsDoesNotRemoveFavorite" classname="sa.hulksa.player.data.LocalEpisodeNotificationsTest" time="0.0"/>
  <testcase name="existingEpisodesProduceNoNotification" classname="sa.hulksa.player.data.LocalEpisodeNotificationsTest" time="0.0"/>
  <testcase name="reenableCreatesFreshBaseline" classname="sa.hulksa.player.data.LocalEpisodeNotificationsTest" time="0.004"/>
  <testcase name="newEpisodeProducesOneNotification" classname="sa.hulksa.player.data.LocalEpisodeNotificationsTest" time="0.001"/>
  <testcase name="masterToggleOffBlocksRecordingWithoutDeletingState" classname="sa.hulksa.player.data.LocalEpisodeNotificationsTest" time="0.0"/>
  <testcase name="multipleEpisodesCreateCorrectUnreadCount" classname="sa.hulksa.player.data.LocalEpisodeNotificationsTest" time="0.0"/>
  <testcase name="metadataChangeWithSameStableKeyDoesNotCreateNotification" classname="sa.hulksa.player.data.LocalEpisodeNotificationsTest" time="0.0"/>
  <testcase name="stableIdentityPrefersEpisodeIdAndUsesReliableFallback" classname="sa.hulksa.player.data.LocalEpisodeNotificationsTest" time="0.003"/>
  <system-out><![CDATA[]]></system-out>
  <system-err><![CDATA[]]></system-err>
</testsuite>
