<?xml version="1.0" encoding="UTF-8"?>
<testsuite name="sa.hulksa.player.ui.screens.DpadFocusHotPathPolicyTest" tests="11" skipped="0" failures="0" errors="0" timestamp="2026-09-03T02:58:09.996Z" hostname="runnervmgx7h7" time="0.003">
  <properties/>
  <testcase name="staleLivePreview_resolvesRememberedChannelWithoutStaleStageItem" classname="sa.hulksa.player.ui.screens.DpadFocusHotPathPolicyTest" time="0.0"/>
  <testcase name="invalidOrEmptyTarget_neverRequestsFocus" classname="sa.hulksa.player.ui.screens.DpadFocusHotPathPolicyTest" time="0.002"/>
  <testcase name="fullyVisibleTarget_usesDirectFocusPath" classname="sa.hulksa.player.ui.screens.DpadFocusHotPathPolicyTest" time="0.0"/>
  <testcase name="partiallyVisibleTarget_usesScrollAssistedPath" classname="sa.hulksa.player.ui.screens.DpadFocusHotPathPolicyTest" time="0.0"/>
  <testcase name="livePreview_fallsBackToValidIndexThenFirstItem" classname="sa.hulksa.player.ui.screens.DpadFocusHotPathPolicyTest" time="0.0"/>
  <testcase name="focusEdgesAndShortLists_doNotInventTargets" classname="sa.hulksa.player.ui.screens.DpadFocusHotPathPolicyTest" time="0.001"/>
  <testcase name="offscreenTarget_usesScrollAssistedPath" classname="sa.hulksa.player.ui.screens.DpadFocusHotPathPolicyTest" time="0.0"/>
  <testcase name="liveFocus_selectsOnlyCurrentPreview" classname="sa.hulksa.player.ui.screens.DpadFocusHotPathPolicyTest" time="0.0"/>
  <testcase name="rapidRepeatedMoves_doNotLetStaleCompletionClearNewestTarget" classname="sa.hulksa.player.ui.screens.DpadFocusHotPathPolicyTest" time="0.0"/>
  <testcase name="livePreview_keepsCurrentVisibleChannel" classname="sa.hulksa.player.ui.screens.DpadFocusHotPathPolicyTest" time="0.0"/>
  <testcase name="rtlHorizontalAndVerticalNavigation_remainUnchanged" classname="sa.hulksa.player.ui.screens.DpadFocusHotPathPolicyTest" time="0.0"/>
  <system-out><![CDATA[]]></system-out>
  <system-err><![CDATA[]]></system-err>
</testsuite>
