<?xml version="1.0" encoding="UTF-8"?>
<testsuite name="sa.hulksa.player.data.PlaybackAndDownloadTest" tests="7" skipped="0" failures="0" errors="0" timestamp="2026-09-03T02:58:08.360Z" hostname="runnervmgx7h7" time="0.015">
  <properties/>
  <testcase name="providerPreferredHlsStaysFirstAndTsIsBoundedFallback" classname="sa.hulksa.player.data.PlaybackAndDownloadTest" time="0.002"/>
  <testcase name="allowedOutputFormatsParserRejectsUnknownProtocolsAndDeduplicatesAliases" classname="sa.hulksa.player.data.PlaybackAndDownloadTest" time="0.0"/>
  <testcase name="offlineProgressIsCalculatedAndClamped" classname="sa.hulksa.player.data.PlaybackAndDownloadTest" time="0.0"/>
  <testcase name="nextAndPreviousChannelDirectionsAreNotReversed" classname="sa.hulksa.player.data.PlaybackAndDownloadTest" time="0.01"/>
  <testcase name="livePlaybackUsesOnlyTheServerPreferredSource" classname="sa.hulksa.player.data.PlaybackAndDownloadTest" time="0.001"/>
  <testcase name="livePlaybackAddsOnlyProviderAdvertisedFallbackFormats" classname="sa.hulksa.player.data.PlaybackAndDownloadTest" time="0.001"/>
  <testcase name="downloadSettingsKeepSafeDefaults" classname="sa.hulksa.player.data.PlaybackAndDownloadTest" time="0.0"/>
  <system-out><![CDATA[]]></system-out>
  <system-err><![CDATA[]]></system-err>
</testsuite>
