<?xml version="1.0" encoding="UTF-8"?>
<testsuite name="sa.hulksa.player.ui.screens.LocalNotificationUiPolicyTest" tests="21" skipped="0" failures="0" errors="0" timestamp="2026-09-03T02:58:10.016Z" hostname="runnervmgx7h7" time="0.016">
  <properties/>
  <testcase name="everyHorizontalCardEdgeAndEveryOuterVerticalEdgeStops" classname="sa.hulksa.player.ui.screens.LocalNotificationUiPolicyTest" time="0.006"/>
  <testcase name="tvNotificationCenterMetricsQualifyAt720p1080pAnd4kLogicalSizes" classname="sa.hulksa.player.ui.screens.LocalNotificationUiPolicyTest" time="0.0"/>
  <testcase name="readNotificationSkipsUnavailableMarkReadActionWithoutBreakingGraph" classname="sa.hulksa.player.ui.screens.LocalNotificationUiPolicyTest" time="0.0"/>
  <testcase name="unreadBadgeSupportsThreeDigitCountsWithoutDistortion" classname="sa.hulksa.player.ui.screens.LocalNotificationUiPolicyTest" time="0.001"/>
  <testcase name="notificationHeaderBackFollowsRtlGeometryAndReachesFirstCard" classname="sa.hulksa.player.ui.screens.LocalNotificationUiPolicyTest" time="0.0"/>
  <testcase name="unreadNotificationExposesAllActionsInStableVerticalOrder" classname="sa.hulksa.player.ui.screens.LocalNotificationUiPolicyTest" time="0.0"/>
  <testcase name="phoneTabletAndFoldableCenterMetricsStayResponsive" classname="sa.hulksa.player.ui.screens.LocalNotificationUiPolicyTest" time="0.0"/>
  <testcase name="notificationBulkActionsFollowRtlGeometryAndReachFirstCard" classname="sa.hulksa.player.ui.screens.LocalNotificationUiPolicyTest" time="0.0"/>
  <testcase name="homeBellMatchesRefreshVisualSizeWithSafeTouchTarget" classname="sa.hulksa.player.ui.screens.LocalNotificationUiPolicyTest" time="0.0"/>
  <testcase name="seriesDetailsActionsPreservePreviousWithAdaptiveBalancedRows" classname="sa.hulksa.player.ui.screens.LocalNotificationUiPolicyTest" time="0.006"/>
  <testcase name="everyFocusMoveEitherStopsOrTargetsAnExistingNode" classname="sa.hulksa.player.ui.screens.LocalNotificationUiPolicyTest" time="0.001"/>
  <testcase name="deletingOnlyRemainingNotificationMovesFocusSafelyToBack" classname="sa.hulksa.player.ui.screens.LocalNotificationUiPolicyTest" time="0.0"/>
  <testcase name="firstMiddleAndLastCardsFormOneDeterministicVerticalPath" classname="sa.hulksa.player.ui.screens.LocalNotificationUiPolicyTest" time="0.0"/>
  <testcase name="markingNotificationReadKeepsFocusInsideSameCard" classname="sa.hulksa.player.ui.screens.LocalNotificationUiPolicyTest" time="0.0"/>
  <testcase name="mobileNotificationButtonUsesCompleteCompactLabelsWithoutChangingTvCopy" classname="sa.hulksa.player.ui.screens.LocalNotificationUiPolicyTest" time="0.0"/>
  <testcase name="deletingLastNotificationMovesFocusToPreviousCardLastAction" classname="sa.hulksa.player.ui.screens.LocalNotificationUiPolicyTest" time="0.001"/>
  <testcase name="fullDownAndUpTraversalVisitsEveryActionExactlyInGraphOrder" classname="sa.hulksa.player.ui.screens.LocalNotificationUiPolicyTest" time="0.0"/>
  <testcase name="readAllAndClearAllRecoverFocusToExistingHeaderTargets" classname="sa.hulksa.player.ui.screens.LocalNotificationUiPolicyTest" time="0.0"/>
  <testcase name="disabledReadAllIsRemovedFromFocusGraph" classname="sa.hulksa.player.ui.screens.LocalNotificationUiPolicyTest" time="0.0"/>
  <testcase name="relativeTimeNeverShowsNegativeValues" classname="sa.hulksa.player.ui.screens.LocalNotificationUiPolicyTest" time="0.001"/>
  <testcase name="deletingMiddleNotificationMovesFocusToNextCardPrimaryAction" classname="sa.hulksa.player.ui.screens.LocalNotificationUiPolicyTest" time="0.0"/>
  <system-out><![CDATA[]]></system-out>
  <system-err><![CDATA[]]></system-err>
</testsuite>
