<?xml version="1.0" encoding="UTF-8"?>
<testsuite name="sa.hulksa.player.playback.PlaybackFailureClassificationTest" tests="5" skipped="0" failures="0" errors="0" timestamp="2026-09-03T02:58:09.778Z" hostname="runnervmgx7h7" time="0.001">
  <properties/>
  <testcase name="audio decoder error is audio recovery" classname="sa.hulksa.player.playback.PlaybackFailureClassificationTest" time="0.001"/>
  <testcase name="audio renderer type classifies decoder error when format is unavailable" classname="sa.hulksa.player.playback.PlaybackFailureClassificationTest" time="0.0"/>
  <testcase name="audio sink error is audio recovery" classname="sa.hulksa.player.playback.PlaybackFailureClassificationTest" time="0.0"/>
  <testcase name="bounded HTTP retry statuses are classified without URL inspection" classname="sa.hulksa.player.playback.PlaybackFailureClassificationTest" time="0.0"/>
  <testcase name="video decoder and network errors stay source recovery" classname="sa.hulksa.player.playback.PlaybackFailureClassificationTest" time="0.0"/>
  <system-out><![CDATA[]]></system-out>
  <system-err><![CDATA[]]></system-err>
</testsuite>
