<?xml version="1.0" encoding="UTF-8"?>
<testsuite name="sa.hulksa.player.ui.screens.TvLayoutPolicyTest" tests="2" skipped="0" failures="0" errors="0" timestamp="2026-09-03T02:58:10.111Z" hostname="runnervmgx7h7" time="0.0">
  <properties/>
  <testcase name="rail logo remains bounded on unusually small or wide canvases" classname="sa.hulksa.player.ui.screens.TvLayoutPolicyTest" time="0.0"/>
  <testcase name="rail logo follows physical viewport instead of unreliable receiver density" classname="sa.hulksa.player.ui.screens.TvLayoutPolicyTest" time="0.0"/>
  <system-out><![CDATA[]]></system-out>
  <system-err><![CDATA[]]></system-err>
</testsuite>
