<?xml version="1.0" encoding="UTF-8"?>
<testsuite name="sa.hulksa.player.playback.AudioTrackSelectionPolicyTest" tests="8" skipped="0" failures="0" errors="0" timestamp="2026-09-03T02:58:09.761Z" hostname="runnervmgx7h7" time="0.003">
  <properties/>
  <testcase name="selected exceeds track may prove itself in software recovery mode" classname="sa.hulksa.player.playback.AudioTrackSelectionPolicyTest" time="0.0"/>
  <testcase name="no audio track has no automatic override" classname="sa.hulksa.player.playback.AudioTrackSelectionPolicyTest" time="0.001"/>
  <testcase name="proven failure chooses a different supported track" classname="sa.hulksa.player.playback.AudioTrackSelectionPolicyTest" time="0.0"/>
  <testcase name="supported selected audio keeps normal path" classname="sa.hulksa.player.playback.AudioTrackSelectionPolicyTest" time="0.0"/>
  <testcase name="unsupported or exceeds capability enters compatibility mode from normal output" classname="sa.hulksa.player.playback.AudioTrackSelectionPolicyTest" time="0.0"/>
  <testcase name="multiple supported tracks prefer provider default" classname="sa.hulksa.player.playback.AudioTrackSelectionPolicyTest" time="0.001"/>
  <testcase name="exceeds capabilities loses to fully supported track" classname="sa.hulksa.player.playback.AudioTrackSelectionPolicyTest" time="0.0"/>
  <testcase name="unsupported selected audio moves to supported second track" classname="sa.hulksa.player.playback.AudioTrackSelectionPolicyTest" time="0.0"/>
  <system-out><![CDATA[]]></system-out>
  <system-err><![CDATA[]]></system-err>
</testsuite>
