<?xml version="1.0" encoding="UTF-8"?>
<testsuite name="sa.hulksa.player.data.XtreamJsonHardeningTest" tests="19" skipped="0" failures="0" errors="0" timestamp="2026-09-03T02:58:09.718Z" hostname="runnervmgx7h7" time="0.039">
  <properties/>
  <testcase name="transparentGzipIsBoundedByDecompressedJsonBytes" classname="sa.hulksa.player.data.XtreamJsonHardeningTest" time="0.01"/>
  <testcase name="rootSeriesSeasonsArrayLimitIsEnforced" classname="sa.hulksa.player.data.XtreamJsonHardeningTest" time="0.001"/>
  <testcase name="wrongJsonRootHasTypedFailure" classname="sa.hulksa.player.data.XtreamJsonHardeningTest" time="0.001"/>
  <testcase name="declaredBodyLargerThanLimitIsRejectedBeforeMaterialization" classname="sa.hulksa.player.data.XtreamJsonHardeningTest" time="0.0"/>
  <testcase name="seriesEpisodeLimitIsEnforced" classname="sa.hulksa.player.data.XtreamJsonHardeningTest" time="0.019"/>
  <testcase name="emptyBodyHasExplicitFailure" classname="sa.hulksa.player.data.XtreamJsonHardeningTest" time="0.0"/>
  <testcase name="incorrectLowContentLengthStillStopsAtByteLimit" classname="sa.hulksa.player.data.XtreamJsonHardeningTest" time="0.0"/>
  <testcase name="nestedSeriesSeasonLimitIsEnforced" classname="sa.hulksa.player.data.XtreamJsonHardeningTest" time="0.001"/>
  <testcase name="htmlErrorPageIsNotAcceptedAsCatalogJson" classname="sa.hulksa.player.data.XtreamJsonHardeningTest" time="0.001"/>
  <testcase name="smallValidAuthJsonParsesNormally" classname="sa.hulksa.player.data.XtreamJsonHardeningTest" time="0.0"/>
  <testcase name="normalSeriesProviderPayloadPreservesSeasonAndEpisodeData" classname="sa.hulksa.player.data.XtreamJsonHardeningTest" time="0.0"/>
  <testcase name="hugeHttpErrorBodyUsesIndependentSmallLimit" classname="sa.hulksa.player.data.XtreamJsonHardeningTest" time="0.001"/>
  <testcase name="duplicateIdsDoNotConsumeUniqueItemLimit" classname="sa.hulksa.player.data.XtreamJsonHardeningTest" time="0.001"/>
  <testcase name="validJsonWithTextPlainContentTypeRemainsCompatible" classname="sa.hulksa.player.data.XtreamJsonHardeningTest" time="0.0"/>
  <testcase name="hugeNestedSeriesBodyStopsAtByteCeilingBeforeJsonParse" classname="sa.hulksa.player.data.XtreamJsonHardeningTest" time="0.001"/>
  <testcase name="smallValidCatalogJsonParsesNormally" classname="sa.hulksa.player.data.XtreamJsonHardeningTest" time="0.001"/>
  <testcase name="tooManyUniqueCatalogItemsAreRejected" classname="sa.hulksa.player.data.XtreamJsonHardeningTest" time="0.0"/>
  <testcase name="missingContentLengthStillStopsAtByteLimit" classname="sa.hulksa.player.data.XtreamJsonHardeningTest" time="0.001"/>
  <testcase name="malformedJsonHasTypedFailure" classname="sa.hulksa.player.data.XtreamJsonHardeningTest" time="0.0"/>
  <system-out><![CDATA[]]></system-out>
  <system-err><![CDATA[]]></system-err>
</testsuite>
