<?xml version="1.0" encoding="UTF-8"?>
<testsuite name="sa.hulksa.player.data.UpdatePolicyTest" tests="9" skipped="0" failures="0" errors="0" timestamp="2026-09-03T02:58:09.714Z" hostname="runnervmgx7h7" time="0.003">
  <properties/>
  <testcase name="staleCachedForcedUpdateIsDowngradedToOptional" classname="sa.hulksa.player.data.UpdatePolicyTest" time="0.001"/>
  <testcase name="currentEqualLatestDoesNotPrompt" classname="sa.hulksa.player.data.UpdatePolicyTest" time="0.0"/>
  <testcase name="currentBelowLatestButSupportedIsOptional" classname="sa.hulksa.player.data.UpdatePolicyTest" time="0.0"/>
  <testcase name="unavailableApiWithoutCacheFailsOpen" classname="sa.hulksa.player.data.UpdatePolicyTest" time="0.0"/>
  <testcase name="offHostApkUrlIsNotInstallable" classname="sa.hulksa.player.data.UpdatePolicyTest" time="0.0"/>
  <testcase name="malformedConfigIsRejected" classname="sa.hulksa.player.data.UpdatePolicyTest" time="0.001"/>
  <testcase name="recentCachedConfigCanPreserveRequiredUpdate" classname="sa.hulksa.player.data.UpdatePolicyTest" time="0.0"/>
  <testcase name="clockRollbackDoesNotTrustCachedForcedUpdate" classname="sa.hulksa.player.data.UpdatePolicyTest" time="0.0"/>
  <testcase name="currentBelowMinimumIsRequiredFromFreshNetwork" classname="sa.hulksa.player.data.UpdatePolicyTest" time="0.001"/>
  <system-out><![CDATA[]]></system-out>
  <system-err><![CDATA[]]></system-err>
</testsuite>
