<?xml version="1.0" encoding="UTF-8"?>
<testsuite name="sa.hulksa.player.ui.ProfilePickerPolicyTest" tests="24" skipped="0" failures="0" errors="0" timestamp="2026-09-03T02:58:09.878Z" hostname="runnervmgx7h7" time="0.005">
  <properties/>
  <testcase name="adultToAdultProtectedKeepsTargetPinBehavior" classname="sa.hulksa.player.ui.ProfilePickerPolicyTest" time="0.0"/>
  <testcase name="kidsProfileManagementRequiresParentAuthorization" classname="sa.hulksa.player.ui.ProfilePickerPolicyTest" time="0.0"/>
  <testcase name="protectedKidsTargetKeepsExistingPinRequirement" classname="sa.hulksa.player.ui.ProfilePickerPolicyTest" time="0.0"/>
  <testcase name="automaticDirectEntryCannotExitKidsToAdult" classname="sa.hulksa.player.ui.ProfilePickerPolicyTest" time="0.0"/>
  <testcase name="resolvedProtectedCurrentProfileDoesNotRequirePinAgain" classname="sa.hulksa.player.ui.ProfilePickerPolicyTest" time="0.0"/>
  <testcase name="adultToKidsWithoutParentalCodeStillWaitsForResolvedParentalState" classname="sa.hulksa.player.ui.ProfilePickerPolicyTest" time="0.0"/>
  <testcase name="adultToKidsWithExplicitParentalCodeDoesNotNeedMigrationReadiness" classname="sa.hulksa.player.ui.ProfilePickerPolicyTest" time="0.0"/>
  <testcase name="unresolvedParentalStateDoesNotBlockAdultToAdultSelection" classname="sa.hulksa.player.ui.ProfilePickerPolicyTest" time="0.0"/>
  <testcase name="kidsToProtectedAdultRequiresTargetPinAfterParentalAuthorization" classname="sa.hulksa.player.ui.ProfilePickerPolicyTest" time="0.0"/>
  <testcase name="multipleProfilesShowAfterAuthentication" classname="sa.hulksa.player.ui.ProfilePickerPolicyTest" time="0.0"/>
  <testcase name="kidsToUnprotectedAdultFailsClosedWithoutParentalCode" classname="sa.hulksa.player.ui.ProfilePickerPolicyTest" time="0.0"/>
  <testcase name="resolvedSessionDoesNotShowAgain" classname="sa.hulksa.player.ui.ProfilePickerPolicyTest" time="0.0"/>
  <testcase name="unresolvedProtectedCurrentProfileKeepsExistingPinRequirement" classname="sa.hulksa.player.ui.ProfilePickerPolicyTest" time="0.001"/>
  <testcase name="kidsToProtectedAdultRequiresParentalCodeBeforeTargetPin" classname="sa.hulksa.player.ui.ProfilePickerPolicyTest" time="0.0"/>
  <testcase name="unauthenticatedSessionDoesNotShowPicker" classname="sa.hulksa.player.ui.ProfilePickerPolicyTest" time="0.0"/>
  <testcase name="automaticDirectEntryKeepsExistingAdultAndKidsBehavior" classname="sa.hulksa.player.ui.ProfilePickerPolicyTest" time="0.0"/>
  <testcase name="kidsToUnprotectedAdultUsesParentalCode" classname="sa.hulksa.player.ui.ProfilePickerPolicyTest" time="0.001"/>
  <testcase name="kidsToAdultStillWaitsForResolvedParentalState" classname="sa.hulksa.player.ui.ProfilePickerPolicyTest" time="0.0"/>
  <testcase name="singleProfileIsSkipped" classname="sa.hulksa.player.ui.ProfilePickerPolicyTest" time="0.0"/>
  <testcase name="unresolvedParentalStateDoesNotBlockSelectingCurrentAdultProfile" classname="sa.hulksa.player.ui.ProfilePickerPolicyTest" time="0.0"/>
  <testcase name="adultToKidsRemainsAllowedWhenTargetIsUnprotected" classname="sa.hulksa.player.ui.ProfilePickerPolicyTest" time="0.0"/>
  <testcase name="kidsToKidsRemainsAllowedWhenTargetIsUnprotected" classname="sa.hulksa.player.ui.ProfilePickerPolicyTest" time="0.0"/>
  <testcase name="adultToAdultUnprotectedRemainsAllowed" classname="sa.hulksa.player.ui.ProfilePickerPolicyTest" time="0.0"/>
  <testcase name="unresolvedParentalStateDoesNotBlockKidsToKidsSelection" classname="sa.hulksa.player.ui.ProfilePickerPolicyTest" time="0.0"/>
  <system-out><![CDATA[]]></system-out>
  <system-err><![CDATA[]]></system-err>
</testsuite>
