<?xml version="1.0" encoding="UTF-8"?>
<testsuite name="sa.hulksa.player.data.AnnouncementPolicyTest" tests="8" skipped="0" failures="0" errors="0" timestamp="2026-09-03T02:58:07.405Z" hostname="runnervmgx7h7" time="0.016">
  <properties/>
  <testcase name="expiredAnnouncementIsExcluded" classname="sa.hulksa.player.data.AnnouncementPolicyTest" time="0.013"/>
  <testcase name="scheduledAnnouncementDoesNotShowEarly" classname="sa.hulksa.player.data.AnnouncementPolicyTest" time="0.0"/>
  <testcase name="acknowledgedShowOnceMessageDoesNotRepeat" classname="sa.hulksa.player.data.AnnouncementPolicyTest" time="0.0"/>
  <testcase name="duplicateMessageIdIsCollapsed" classname="sa.hulksa.player.data.AnnouncementPolicyTest" time="0.001"/>
  <testcase name="tvTargetOnlyShowsOnTv" classname="sa.hulksa.player.data.AnnouncementPolicyTest" time="0.0"/>
  <testcase name="enabledAnnouncementIsEligible" classname="sa.hulksa.player.data.AnnouncementPolicyTest" time="0.0"/>
  <testcase name="mobileTargetOnlyShowsOnMobile" classname="sa.hulksa.player.data.AnnouncementPolicyTest" time="0.001"/>
  <testcase name="disabledAnnouncementIsExcluded" classname="sa.hulksa.player.data.AnnouncementPolicyTest" time="0.0"/>
  <system-out><![CDATA[]]></system-out>
  <system-err><![CDATA[]]></system-err>
</testsuite>
