<?xml version="1.0" encoding="UTF-8"?>
<testsuite name="sa.hulksa.player.data.ProfilePinCredentialPolicyTest" tests="3" skipped="0" failures="0" errors="0" timestamp="2026-09-03T02:58:09.686Z" hostname="runnervmgx7h7" time="0.002">
  <properties/>
  <testcase name="pinFormatRequiresExactlyFourAsciiDigits" classname="sa.hulksa.player.data.ProfilePinCredentialPolicyTest" time="0.0"/>
  <testcase name="verifierIsDeterministicForSamePinSaltAndIterations" classname="sa.hulksa.player.data.ProfilePinCredentialPolicyTest" time="0.0"/>
  <testcase name="verifierChangesForWrongPinOrDifferentSalt" classname="sa.hulksa.player.data.ProfilePinCredentialPolicyTest" time="0.001"/>
  <system-out><![CDATA[]]></system-out>
  <system-err><![CDATA[]]></system-err>
</testsuite>
