<?xml version="1.0" encoding="UTF-8"?>
<testsuite name="sa.hulksa.player.data.DurableDownloadForegroundTest" tests="5" skipped="0" failures="0" errors="0" timestamp="2026-09-03T02:58:07.503Z" hostname="runnervmgx7h7" time="0.002">
  <properties/>
  <testcase name="invalid download id is rejected" classname="sa.hulksa.player.data.DurableDownloadForegroundTest" time="0.001"/>
  <testcase name="different download ids produce different notification ids" classname="sa.hulksa.player.data.DurableDownloadForegroundTest" time="0.0"/>
  <testcase name="notification actions have independent request codes" classname="sa.hulksa.player.data.DurableDownloadForegroundTest" time="0.001"/>
  <testcase name="notification request codes stay stable" classname="sa.hulksa.player.data.DurableDownloadForegroundTest" time="0.0"/>
  <testcase name="notification id is stable and positive" classname="sa.hulksa.player.data.DurableDownloadForegroundTest" time="0.0"/>
  <system-out><![CDATA[]]></system-out>
  <system-err><![CDATA[]]></system-err>
</testsuite>
