<?xml version="1.0" encoding="UTF-8"?>
<testsuite name="sa.hulksa.player.AccountRefreshCoordinatorTest" tests="6" skipped="0" failures="0" errors="0" timestamp="2026-09-03T02:58:07.200Z" hostname="runnervmgx7h7" time="0.073">
  <properties/>
  <testcase name="normal refresh success is delivered once and releases ownership" classname="sa.hulksa.player.AccountRefreshCoordinatorTest" time="0.059"/>
  <testcase name="current transient failure is delivered and allows a later retry" classname="sa.hulksa.player.AccountRefreshCoordinatorTest" time="0.001"/>
  <testcase name="stale cancellation from A cannot release replacement refresh B" classname="sa.hulksa.player.AccountRefreshCoordinatorTest" time="0.002"/>
  <testcase name="cancellation is rethrown without delivering a failure result" classname="sa.hulksa.player.AccountRefreshCoordinatorTest" time="0.002"/>
  <testcase name="stale refresh A cannot release current refresh B" classname="sa.hulksa.player.AccountRefreshCoordinatorTest" time="0.001"/>
  <testcase name="logout invalidation suppresses late result delivery" classname="sa.hulksa.player.AccountRefreshCoordinatorTest" time="0.002"/>
  <system-out><![CDATA[]]></system-out>
  <system-err><![CDATA[]]></system-err>
</testsuite>
