<?xml version="1.0" encoding="UTF-8"?>
<testsuite name="sa.hulksa.player.data.ProfileStoreManagementPolicyTest" tests="3" skipped="0" failures="0" errors="0" timestamp="2026-09-03T02:58:09.688Z" hostname="runnervmgx7h7" time="0.001">
  <properties/>
  <testcase name="profileNameIsTrimmedCollapsedAndLimited" classname="sa.hulksa.player.data.ProfileStoreManagementPolicyTest" time="0.001"/>
  <testcase name="blankProfileNameIsRejected" classname="sa.hulksa.player.data.ProfileStoreManagementPolicyTest" time="0.0"/>
  <testcase name="deletePolicyProtectsPrimaryAndLastProfile" classname="sa.hulksa.player.data.ProfileStoreManagementPolicyTest" time="0.0"/>
  <system-out><![CDATA[]]></system-out>
  <system-err><![CDATA[]]></system-err>
</testsuite>
