<?xml version="1.0" encoding="UTF-8"?>
<testsuite name="sa.hulksa.player.data.KidsContentFilteringPolicyTest" tests="4" skipped="0" failures="0" errors="0" timestamp="2026-09-03T02:58:07.604Z" hostname="runnervmgx7h7" time="0.007">
  <properties/>
  <testcase name="playbackRequestsUseSameFailClosedParentRule" classname="sa.hulksa.player.data.KidsContentFilteringPolicyTest" time="0.006"/>
  <testcase name="seriesHistoryRequiresVerifiedParentSeries" classname="sa.hulksa.player.data.KidsContentFilteringPolicyTest" time="0.0"/>
  <testcase name="verifiedSnapshotBuildsExactAllowList" classname="sa.hulksa.player.data.KidsContentFilteringPolicyTest" time="0.0"/>
  <testcase name="movieAndLiveHistoryRequireExactVerifiedKeys" classname="sa.hulksa.player.data.KidsContentFilteringPolicyTest" time="0.0"/>
  <system-out><![CDATA[]]></system-out>
  <system-err><![CDATA[]]></system-err>
</testsuite>
