<?xml version="1.0" encoding="UTF-8"?>
<testsuite name="sa.hulksa.player.ui.KidsProfileFoundationPolicyTest" tests="3" skipped="0" failures="0" errors="0" timestamp="2026-09-03T02:58:09.870Z" hostname="runnervmgx7h7" time="0.003">
  <properties/>
  <testcase name="kidsNavigationOnlyIncludesServerAvailableSections" classname="sa.hulksa.player.ui.KidsProfileFoundationPolicyTest" time="0.001"/>
  <testcase name="sectionAndSearchNeverInventItemsOutsideVerifiedSnapshot" classname="sa.hulksa.player.ui.KidsProfileFoundationPolicyTest" time="0.002"/>
  <testcase name="itemGuardRequiresExactVerifiedTypeIdAndCategory" classname="sa.hulksa.player.ui.KidsProfileFoundationPolicyTest" time="0.0"/>
  <system-out><![CDATA[]]></system-out>
  <system-err><![CDATA[]]></system-err>
</testsuite>
