<testsuite name="compatibility-v2-static" tests="27" failures="0" skipped="0"><testcase classname="compatibility.v2.static" name="package-identity"></testcase><testcase classname="compatibility.v2.static" name="namespace-identity"></testcase><testcase classname="compatibility.v2.static" name="version-name"></testcase><testcase classname="compatibility.v2.static" name="version-code"></testcase><testcase classname="compatibility.v2.static" name="reseller-api-runtime-config"></testcase><testcase classname="compatibility.v2.static" name="abi-policy"></testcase><testcase classname="compatibility.v2.static" name="reseller-access-login-order"></testcase><testcase classname="compatibility.v2.static" name="reseller-access-resolution"></testcase><testcase classname="compatibility.v2.static" name="legacy-iptv-host-absent"></testcase><testcase classname="compatibility.v2.static" name="manifest-leanback-optional"></testcase><testcase classname="compatibility.v2.static" name="manifest-touch-optional"></testcase><testcase classname="compatibility.v2.static" name="manifest-launchers"></testcase><testcase classname="compatibility.v2.static" name="manifest-rtl"></testcase><testcase classname="compatibility.v2.static" name="manifest-tv-banner"></testcase><testcase classname="compatibility.v2.static" name="approved-logo-sha256"></testcase><testcase classname="compatibility.v2.static" name="approved-banner-sha256"></testcase><testcase classname="compatibility.v2.static" name="approved-tv-launcher-sha256"></testcase><testcase classname="compatibility.v2.static" name="android-icon-density-matrix"></testcase><testcase classname="compatibility.v2.static" name="legacy-tv-banner-resource-absent"></testcase><testcase classname="compatibility.v2.static" name="logo-content-scale"></testcase><testcase classname="compatibility.v2.static" name="legacy-lab-removed"></testcase><testcase classname="compatibility.v2.static" name="production-test-hooks-absent"></testcase><testcase classname="compatibility.v2.static" name="hardcoded-pixel-layout-absent"></testcase><testcase classname="compatibility.v2.static" name="player-surface-dpad-seek-direction"></testcase><testcase classname="compatibility.v2.static" name="player-seekbar-dpad-direction"></testcase><testcase classname="compatibility.v2.static" name="player-focus-race-policy"></testcase><testcase classname="compatibility.v2.static" name="v2-workflow-fail-closed"></testcase></testsuite>
